2022-03-11 00:29:19,311  INFO [main] CucumberSeleniumDemo:72 - *******************Lauching broswer************************
2022-03-11 00:29:19,340  INFO [main] CucumberSeleniumDemo:80 - ************************Opening URL*****************************
2022-03-11 00:29:21,281  INFO [main] CucumberSeleniumDemo:89 - ************************Providing username and password*****************************
2022-03-11 00:29:21,397  INFO [main] CucumberSeleniumDemo:97 - ************************Clicking login button*****************************
2022-03-11 00:29:26,278  INFO [main] CucumberSeleniumDemo:112 - ************************login passed*****************************
2022-03-11 00:29:29,294  INFO [main] CucumberSeleniumDemo:133 - ************************clicked on logout button*****************************
2022-03-11 00:34:06,251  INFO [main] CucumberSeleniumDemo:72 - *******************Lauching broswer************************
2022-03-11 00:34:06,278  INFO [main] CucumberSeleniumDemo:80 - ************************Opening URL*****************************
2022-03-11 00:34:08,004  INFO [main] CucumberSeleniumDemo:89 - ************************Providing username and password*****************************
2022-03-11 00:34:08,136  INFO [main] CucumberSeleniumDemo:97 - ************************Clicking login button*****************************
2022-03-11 00:34:12,336  INFO [main] CucumberSeleniumDemo:112 - ************************login passed*****************************
2022-03-11 00:34:15,341  INFO [main] CucumberSeleniumDemo:133 - ************************clicked on logout button*****************************
2022-03-11 00:38:02,533  INFO [main] CucumberSeleniumDemo:72 - *******************Lauching broswer************************
2022-03-11 00:38:02,560  INFO [main] CucumberSeleniumDemo:80 - ************************Opening URL*****************************
2022-03-11 00:38:05,138  INFO [main] CucumberSeleniumDemo:89 - ************************Providing username and password*****************************
2022-03-11 00:38:05,278  INFO [main] CucumberSeleniumDemo:97 - ************************Clicking login button*****************************
2022-03-11 00:38:08,945  INFO [main] CucumberSeleniumDemo:112 - ************************login passed*****************************
2022-03-11 00:38:11,955  INFO [main] CucumberSeleniumDemo:133 - ************************clicked on logout button*****************************
2022-03-11 00:38:42,712  INFO [main] CucumberSeleniumDemo:72 - *******************Lauching broswer************************
2022-03-11 00:38:42,733  INFO [main] CucumberSeleniumDemo:80 - ************************Opening URL*****************************
2022-03-11 00:38:44,810  INFO [main] CucumberSeleniumDemo:89 - ************************Providing username and password*****************************
2022-03-11 00:38:44,940  INFO [main] CucumberSeleniumDemo:97 - ************************Clicking login button*****************************
2022-03-11 00:38:48,789  INFO [main] CucumberSeleniumDemo:112 - ************************login passed*****************************
2022-03-11 00:38:51,800  INFO [main] CucumberSeleniumDemo:133 - ************************clicked on logout button*****************************
2022-03-11 00:40:05,083  INFO [main] CucumberSeleniumDemo:72 - *******************Lauching broswer************************
2022-03-11 00:40:05,114  INFO [main] CucumberSeleniumDemo:80 - ************************Opening URL*****************************
2022-03-11 00:40:06,547  INFO [main] CucumberSeleniumDemo:89 - ************************Providing username and password*****************************
2022-03-11 00:40:06,673  INFO [main] CucumberSeleniumDemo:97 - ************************Clicking login button*****************************
2022-03-11 00:40:12,685  INFO [main] CucumberSeleniumDemo:112 - ************************login passed*****************************
2022-03-11 00:40:15,694  INFO [main] CucumberSeleniumDemo:133 - ************************clicked on logout button*****************************
2022-03-11 00:41:31,169  INFO [main] CucumberSeleniumDemo:72 - *******************Lauching broswer************************
2022-03-11 00:41:31,196  INFO [main] CucumberSeleniumDemo:80 - ************************Opening URL*****************************
2022-03-11 00:41:33,839  INFO [main] CucumberSeleniumDemo:89 - ************************Providing username and password*****************************
2022-03-11 00:42:46,960  INFO [main] CucumberSeleniumDemo:72 - *******************Lauching broswer************************
2022-03-11 00:42:46,980  INFO [main] CucumberSeleniumDemo:80 - ************************Opening URL*****************************
2022-03-11 00:42:48,216  INFO [main] CucumberSeleniumDemo:89 - ************************Providing username and password*****************************
2022-03-11 00:45:10,934  INFO [main] CucumberSeleniumDemo:97 - ************************Clicking login button*****************************
2022-03-11 00:45:16,508  INFO [main] CucumberSeleniumDemo:112 - ************************login passed*****************************
2022-03-11 00:45:19,515  INFO [main] CucumberSeleniumDemo:133 - ************************clicked on logout button*****************************
2022-03-11 00:47:19,968  INFO [main] CucumberSeleniumDemo:72 - *******************Lauching broswer************************
2022-03-11 00:47:19,996  INFO [main] CucumberSeleniumDemo:80 - ************************Opening URL*****************************
2022-03-11 00:47:21,358  INFO [main] CucumberSeleniumDemo:89 - ************************Providing username and password*****************************
2022-03-11 00:47:21,593  INFO [main] CucumberSeleniumDemo:97 - ************************Clicking login button*****************************
2022-03-11 00:47:26,098  INFO [main] CucumberSeleniumDemo:112 - ************************login passed*****************************
2022-03-11 00:47:29,111  INFO [main] CucumberSeleniumDemo:133 - ************************clicked on logout button*****************************
2022-03-11 00:47:47,675  INFO [main] CucumberSeleniumDemo:72 - *******************Lauching broswer************************
2022-03-11 00:47:47,701  INFO [main] CucumberSeleniumDemo:80 - ************************Opening URL*****************************
2022-03-11 00:47:49,282  INFO [main] CucumberSeleniumDemo:89 - ************************Providing username and password*****************************
2022-03-11 00:47:49,517  INFO [main] CucumberSeleniumDemo:97 - ************************Clicking login button*****************************
2022-03-11 00:47:53,754  INFO [main] CucumberSeleniumDemo:112 - ************************login passed*****************************
2022-03-11 00:47:56,763  INFO [main] CucumberSeleniumDemo:133 - ************************clicked on logout button*****************************
2022-03-11 00:48:02,475  INFO [main] CucumberSeleniumDemo:72 - *******************Lauching broswer************************
2022-03-11 00:48:02,477  INFO [main] CucumberSeleniumDemo:80 - ************************Opening URL*****************************
2022-03-11 00:48:03,888  INFO [main] CucumberSeleniumDemo:89 - ************************Providing username and password*****************************
2022-03-11 00:48:04,122  INFO [main] CucumberSeleniumDemo:97 - ************************Clicking login button*****************************
2022-03-11 00:52:19,381  INFO [main] CucumberSeleniumDemo:72 - *******************Lauching broswer************************
2022-03-11 00:52:19,410  INFO [main] CucumberSeleniumDemo:80 - ************************Opening URL*****************************
2022-03-11 00:52:20,571  INFO [main] CucumberSeleniumDemo:89 - ************************Providing username and password*****************************
2022-03-11 00:52:20,806  INFO [main] CucumberSeleniumDemo:97 - ************************Clicking login button*****************************
2022-03-11 00:52:41,852  INFO [main] CucumberSeleniumDemo:112 - ************************login passed*****************************
2022-03-11 00:52:44,867  INFO [main] CucumberSeleniumDemo:133 - ************************clicked on logout button*****************************
2022-03-11 01:04:45,050  INFO [main] CucumberSeleniumDemo:72 - *******************Lauching broswer************************
2022-03-11 01:04:45,077  INFO [main] CucumberSeleniumDemo:80 - ************************Opening URL*****************************
2022-03-11 01:04:47,422  INFO [main] CucumberSeleniumDemo:89 - ************************Providing username and password*****************************
2022-03-11 01:04:47,658  INFO [main] CucumberSeleniumDemo:97 - ************************Clicking login button*****************************
2022-03-11 01:05:03,756  INFO [main] CucumberSeleniumDemo:72 - *******************Lauching broswer************************
2022-03-11 01:05:03,757  INFO [main] CucumberSeleniumDemo:80 - ************************Opening URL*****************************
2022-03-11 01:05:55,975  INFO [main] CucumberSeleniumDemo:72 - *******************Lauching broswer************************
2022-03-11 01:05:55,999  INFO [main] CucumberSeleniumDemo:80 - ************************Opening URL*****************************
2022-03-11 01:05:57,129  INFO [main] CucumberSeleniumDemo:89 - ************************Providing username and password*****************************
2022-03-11 01:05:57,364  INFO [main] CucumberSeleniumDemo:97 - ************************Clicking login button*****************************
2022-03-11 01:06:08,601  INFO [main] CucumberSeleniumDemo:72 - *******************Lauching broswer************************
2022-03-11 01:06:08,602  INFO [main] CucumberSeleniumDemo:80 - ************************Opening URL*****************************
2022-03-11 01:06:33,604  INFO [main] CucumberSeleniumDemo:72 - *******************Lauching broswer************************
2022-03-11 01:06:33,623  INFO [main] CucumberSeleniumDemo:80 - ************************Opening URL*****************************
2022-03-11 01:06:35,558  INFO [main] CucumberSeleniumDemo:89 - ************************Providing username and password*****************************
2022-03-11 01:06:35,796  INFO [main] CucumberSeleniumDemo:97 - ************************Clicking login button*****************************
2022-03-11 01:06:50,070  INFO [main] CucumberSeleniumDemo:72 - *******************Lauching broswer************************
2022-03-11 01:06:50,071  INFO [main] CucumberSeleniumDemo:80 - ************************Opening URL*****************************
2022-03-11 01:06:51,207  INFO [main] CucumberSeleniumDemo:89 - ************************Providing username and password*****************************
2022-03-11 01:06:51,442  INFO [main] CucumberSeleniumDemo:97 - ************************Clicking login button*****************************
2022-03-11 01:07:15,950  INFO [main] CucumberSeleniumDemo:72 - *******************Lauching broswer************************
2022-03-11 01:07:15,969  INFO [main] CucumberSeleniumDemo:80 - ************************Opening URL*****************************
2022-03-11 01:07:48,243  INFO [main] CucumberSeleniumDemo:89 - ************************Providing username and password*****************************
2022-03-11 01:07:49,308  INFO [main] CucumberSeleniumDemo:72 - *******************Lauching broswer************************
2022-03-11 01:07:49,310  INFO [main] CucumberSeleniumDemo:80 - ************************Opening URL*****************************
2022-03-11 01:11:53,821  INFO [main] CucumberSeleniumDemo:72 - *******************Lauching broswer************************
2022-03-11 01:11:53,843  INFO [main] CucumberSeleniumDemo:80 - ************************Opening URL*****************************
2022-03-11 01:11:56,939  INFO [main] CucumberSeleniumDemo:72 - *******************Lauching broswer************************
2022-03-11 01:11:56,940  INFO [main] CucumberSeleniumDemo:80 - ************************Opening URL*****************************
